<?xml version="1.0" encoding="UTF-8"?>
<testsuite xmlns:xsi="http://www.w3.org/2001/XMLSchema-instance" xsi:noNamespaceSchemaLocation="https://maven.apache.org/surefire/maven-surefire-plugin/xsd/surefire-test-report.xsd" name="Trabajo_P2.Testing.TrianguloTest" time="0.061" tests="39" errors="0" skipped="0" failures="0">
  <properties>
    <property name="java.specification.version" value="14"/>
    <property name="sun.cpu.isalist" value="amd64"/>
    <property name="sun.jnu.encoding" value="Cp1252"/>
    <property name="java.class.path" value="C:\Users\manue\eclipse-workspace\Testing\target\test-classes;C:\Users\manue\eclipse-workspace\Testing\target\classes;C:\Users\Manuel\.m2\repository\junit\junit\4.11\junit-4.11.jar;C:\Users\Manuel\.m2\repository\org\hamcrest\hamcrest-core\1.3\hamcrest-core-1.3.jar;"/>
    <property name="java.vm.vendor" value="Oracle Corporation"/>
    <property name="sun.arch.data.model" value="64"/>
    <property name="user.variant" value=""/>
    <property name="java.vendor.url" value="https://java.oracle.com/"/>
    <property name="user.timezone" value="Europe/Madrid"/>
    <property name="os.name" value="Windows 10"/>
    <property name="java.vm.specification.version" value="14"/>
    <property name="sun.java.launcher" value="SUN_STANDARD"/>
    <property name="user.country" value="ES"/>
    <property name="sun.boot.library.path" value="C:\Users\manue\.p2\pool\plugins\org.eclipse.justj.openjdk.hotspot.jre.full.win32.x86_64_14.0.2.v20200815-0932\jre\bin"/>
    <property name="sun.java.command" value="C:\Users\Manuel\AppData\Local\Temp\surefire14519869786043566166\surefirebooter596924648239666654.jar C:\Users\Manuel\AppData\Local\Temp\surefire14519869786043566166 2022-12-22T10-51-42_617-jvmRun1 surefire5341413171674014081tmp surefire_09484163389232430220tmp"/>
    <property name="jdk.debug" value="release"/>
    <property name="surefire.test.class.path" value="C:\Users\manue\eclipse-workspace\Testing\target\test-classes;C:\Users\manue\eclipse-workspace\Testing\target\classes;C:\Users\Manuel\.m2\repository\junit\junit\4.11\junit-4.11.jar;C:\Users\Manuel\.m2\repository\org\hamcrest\hamcrest-core\1.3\hamcrest-core-1.3.jar;"/>
    <property name="sun.cpu.endian" value="little"/>
    <property name="user.home" value="C:\Users\Manuel"/>
    <property name="user.language" value="es"/>
    <property name="java.specification.vendor" value="Oracle Corporation"/>
    <property name="java.version.date" value="2020-07-14"/>
    <property name="java.home" value="C:\Users\manue\.p2\pool\plugins\org.eclipse.justj.openjdk.hotspot.jre.full.win32.x86_64_14.0.2.v20200815-0932\jre"/>
    <property name="file.separator" value="\"/>
    <property name="basedir" value="C:\Users\manue\eclipse-workspace\Testing"/>
    <property name="java.vm.compressedOopsMode" value="Zero based"/>
    <property name="line.separator" value="&#10;"/>
    <property name="java.vm.specification.vendor" value="Oracle Corporation"/>
    <property name="java.specification.name" value="Java Platform API Specification"/>
    <property name="surefire.real.class.path" value="C:\Users\Manuel\AppData\Local\Temp\surefire14519869786043566166\surefirebooter596924648239666654.jar"/>
    <property name="user.script" value=""/>
    <property name="sun.management.compiler" value="HotSpot 64-Bit Tiered Compilers"/>
    <property name="java.runtime.version" value="14.0.2+12-46"/>
    <property name="user.name" value="Manuel"/>
    <property name="path.separator" value=";"/>
    <property name="os.version" value="10.0"/>
    <property name="java.runtime.name" value="OpenJDK Runtime Environment"/>
    <property name="file.encoding" value="Cp1252"/>
    <property name="java.vm.name" value="OpenJDK 64-Bit Server VM"/>
    <property name="localRepository" value="C:\Users\Manuel\.m2\repository"/>
    <property name="java.vendor.url.bug" value="https://bugreport.java.com/bugreport/"/>
    <property name="java.io.tmpdir" value="C:\Users\Manuel\AppData\Local\Temp\"/>
    <property name="java.version" value="14.0.2"/>
    <property name="user.dir" value="C:\Users\manue\eclipse-workspace\Testing"/>
    <property name="os.arch" value="amd64"/>
    <property name="java.vm.specification.name" value="Java Virtual Machine Specification"/>
    <property name="sun.os.patch.level" value=""/>
    <property name="java.library.path" value="C:\Users\manue\.p2\pool\plugins\org.eclipse.justj.openjdk.hotspot.jre.full.win32.x86_64_14.0.2.v20200815-0932\jre\bin;C:\WINDOWS\Sun\Java\bin;C:\WINDOWS\system32;C:\WINDOWS;C:/Users/manue/.p2/pool/plugins/org.eclipse.justj.openjdk.hotspot.jre.full.win32.x86_64_14.0.2.v20200815-0932/jre/bin/server;C:/Users/manue/.p2/pool/plugins/org.eclipse.justj.openjdk.hotspot.jre.full.win32.x86_64_14.0.2.v20200815-0932/jre/bin;C:\Program Files (x86)\Common Files\Oracle\Java\javapath;C:\windows\system32;C:\windows;C:\windows\System32\Wbem;C:\windows\System32\WindowsPowerShell\v1.0\;C:\windows\System32\OpenSSH\;C:\Program Files (x86)\NVIDIA Corporation\PhysX\Common;C:\Program Files\NVIDIA Corporation\NVIDIA NvDLISR;C:\Program Files\MATLAB\R2020b\bin;C:\Program Files\dotnet\;C:\WINDOWS\system32;C:\WINDOWS;C:\WINDOWS\System32\Wbem;C:\WINDOWS\System32\WindowsPowerShell\v1.0\;C:\WINDOWS\System32\OpenSSH\;C:\MinGW\bin;C:\Program Files\Microsoft SQL Server\150\Tools\Binn\;C:\Program Files\Microsoft SQL Server\Client SDK\ODBC\170\Tools\Binn\;C:\Program Files\Git\cmd;C:\Program Files\MySQL\MySQL Shell 8.0\bin\;C:\Users\Manuel\AppData\Local\Microsoft\WindowsApps;C:\Users\Manuel\AppData\Local\Programs\Microsoft VS Code\bin;C:\Users\Manuel\.dotnet\tools;C:\Users\Manuel\AppData\Local\GitHubDesktop\bin;C:\Users\Manuel\Desktop;;."/>
    <property name="java.vm.info" value="mixed mode"/>
    <property name="java.vendor" value="Oracle Corporation"/>
    <property name="java.vm.version" value="14.0.2+12-46"/>
    <property name="sun.io.unicode.encoding" value="UnicodeLittle"/>
    <property name="java.class.version" value="58.0"/>
  </properties>
  <testcase name="mc_dc1" classname="Trabajo_P2.Testing.TrianguloTest" time="0.005"/>
  <testcase name="mc_dc2" classname="Trabajo_P2.Testing.TrianguloTest" time="0"/>
  <testcase name="mc_dc3" classname="Trabajo_P2.Testing.TrianguloTest" time="0"/>
  <testcase name="mc_dc4" classname="Trabajo_P2.Testing.TrianguloTest" time="0"/>
  <testcase name="mc_dc5" classname="Trabajo_P2.Testing.TrianguloTest" time="0"/>
  <testcase name="mc_dc6" classname="Trabajo_P2.Testing.TrianguloTest" time="0"/>
  <testcase name="decisiones1" classname="Trabajo_P2.Testing.TrianguloTest" time="0"/>
  <testcase name="decisiones2" classname="Trabajo_P2.Testing.TrianguloTest" time="0.001"/>
  <testcase name="decisiones3" classname="Trabajo_P2.Testing.TrianguloTest" time="0.001"/>
  <testcase name="decisiones4" classname="Trabajo_P2.Testing.TrianguloTest" time="0"/>
  <testcase name="decisiones5" classname="Trabajo_P2.Testing.TrianguloTest" time="0"/>
  <testcase name="decisiones6" classname="Trabajo_P2.Testing.TrianguloTest" time="0"/>
  <testcase name="eu1" classname="Trabajo_P2.Testing.TrianguloTest" time="0"/>
  <testcase name="eu2" classname="Trabajo_P2.Testing.TrianguloTest" time="0"/>
  <testcase name="eu3" classname="Trabajo_P2.Testing.TrianguloTest" time="0.001"/>
  <testcase name="eu4" classname="Trabajo_P2.Testing.TrianguloTest" time="0"/>
  <testcase name="eu5" classname="Trabajo_P2.Testing.TrianguloTest" time="0"/>
  <testcase name="eu6" classname="Trabajo_P2.Testing.TrianguloTest" time="0"/>
  <testcase name="eu7" classname="Trabajo_P2.Testing.TrianguloTest" time="0.001"/>
  <testcase name="pw1" classname="Trabajo_P2.Testing.TrianguloTest" time="0"/>
  <testcase name="pw2" classname="Trabajo_P2.Testing.TrianguloTest" time="0"/>
  <testcase name="pw3" classname="Trabajo_P2.Testing.TrianguloTest" time="0"/>
  <testcase name="pw4" classname="Trabajo_P2.Testing.TrianguloTest" time="0"/>
  <testcase name="pw5" classname="Trabajo_P2.Testing.TrianguloTest" time="0"/>
  <testcase name="pw6" classname="Trabajo_P2.Testing.TrianguloTest" time="0"/>
  <testcase name="pw7" classname="Trabajo_P2.Testing.TrianguloTest" time="0"/>
  <testcase name="pw8" classname="Trabajo_P2.Testing.TrianguloTest" time="0"/>
  <testcase name="pw9" classname="Trabajo_P2.Testing.TrianguloTest" time="0.001"/>
  <testcase name="pw10" classname="Trabajo_P2.Testing.TrianguloTest" time="0"/>
  <testcase name="pw11" classname="Trabajo_P2.Testing.TrianguloTest" time="0"/>
  <testcase name="pw12" classname="Trabajo_P2.Testing.TrianguloTest" time="0"/>
  <testcase name="pw13" classname="Trabajo_P2.Testing.TrianguloTest" time="0"/>
  <testcase name="pw14" classname="Trabajo_P2.Testing.TrianguloTest" time="0.001"/>
  <testcase name="pw15" classname="Trabajo_P2.Testing.TrianguloTest" time="0"/>
  <testcase name="pw16" classname="Trabajo_P2.Testing.TrianguloTest" time="0"/>
  <testcase name="pw17" classname="Trabajo_P2.Testing.TrianguloTest" time="0"/>
  <testcase name="pw19" classname="Trabajo_P2.Testing.TrianguloTest" time="0"/>
  <testcase name="pw20" classname="Trabajo_P2.Testing.TrianguloTest" time="0"/>
  <testcase name="pw21" classname="Trabajo_P2.Testing.TrianguloTest" time="0"/>
</testsuite>